undefined
undefined
undefined
undefined
2024-10-13 09:31:41 [undefined]: Listening on 8081
2024-10-13 09:32:19 [[32minfo[39m]: Listening on 8081
2024-10-13 09:32:31 [[32minfo[39m]: Listening on 8081
2024-10-13 09:32:38 [[32minfo[39m]: Listening on 8081
2024-10-13 09:32:40 [[32minfo[39m]: Listening on 8081
2024-10-13 09:35:22 [[32minfo[39m]: Listening on 8081
2024-10-13 09:35:31 [[32minfo[39m]: Listening on 8081
2024-10-13 09:35:35 [[32minfo[39m]: Listening on 8081
2024-10-13 09:35:38 [[32minfo[39m]: Listening on 8081
2024-10-13 09:35:45 [[32minfo[39m]: Listening on 8081
2024-10-13 09:35:52 [[32minfo[39m]: Listening on 8081
2024-10-13 09:36:08 [[32minfo[39m]: Listening on 8081
2024-10-13 09:36:24 [[32minfo[39m]: Listening on 8081
2024-10-14 10:25:25 [[32minfo[39m]: Listening on 8081
2024-10-16 06:06:37 [[32minfo[39m]: Listening on 8081
2024-10-16 06:06:39 [[32minfo[39m]: Listening on 8081
2024-10-16 06:37:27 [[32minfo[39m]: Listening on 8081
2024-10-16 06:38:10 [[32minfo[39m]: Listening on 8081
2024-10-16 06:38:12 [[32minfo[39m]: Listening on 8081
2024-10-16 06:38:53 [[32minfo[39m]: Listening on 8081
2024-10-16 06:39:53 [[32minfo[39m]: Listening on 8081
2024-10-16 06:40:05 [[31merror[39m]: Operation `pets.find()` buffering timed out after 10000ms
2024-10-16 07:27:53 [[32minfo[39m]: Listening on 8081
2024-10-22 07:34:11 [[32minfo[39m]: Listening on 8081
2024-10-22 07:34:14 [[32minfo[39m]: Listening on 8081
2024-10-22 07:46:57 [[32minfo[39m]: Listening on 8081
2024-10-22 07:48:43 [[32minfo[39m]: Listening on 8081
2024-10-22 08:57:49 [[32minfo[39m]: Listening on 8081
2024-10-22 08:57:51 [[32minfo[39m]: Listening on 8081
2024-10-22 09:00:47 [[32minfo[39m]: Listening on 8081
2024-10-22 09:02:16 [[32minfo[39m]: Listening on 8081
2024-10-22 09:04:19 [[32minfo[39m]: Listening on 8081
2024-10-22 09:04:51 [[32minfo[39m]: Listening on 8081
2024-10-22 09:08:37 [[32minfo[39m]: Listening on 8081
2024-10-22 09:08:54 [[32minfo[39m]: Listening on 8081
2024-10-22 09:09:31 [[32minfo[39m]: Listening on 8081
2024-10-22 09:09:35 [[32minfo[39m]: Listening on 8081
2024-10-22 09:09:38 [[32minfo[39m]: Listening on 8081
2024-10-22 09:10:01 [[32minfo[39m]: Listening on 8081
2024-10-22 09:10:03 [[32minfo[39m]: Listening on 8081
2024-10-22 09:10:10 [[32minfo[39m]: Listening on 8081
2024-10-22 09:10:30 [[32minfo[39m]: Listening on 8081
2024-10-22 09:11:03 [[32minfo[39m]: Listening on 8081
2024-10-22 09:11:09 [[32minfo[39m]: Listening on 8081
2024-10-22 09:11:13 [[32minfo[39m]: Listening on 8081
2024-10-22 09:11:17 [[32minfo[39m]: Listening on 8081
2024-10-22 09:11:24 [[32minfo[39m]: Listening on 8081
2024-10-22 09:11:26 [[32minfo[39m]: Listening on 8081
2024-10-22 09:11:32 [[32minfo[39m]: Listening on 8081
2024-10-22 09:11:40 [[32minfo[39m]: Listening on 8081
2024-10-22 09:11:44 [[32minfo[39m]: Listening on 8081
2024-10-22 09:13:10 [[32minfo[39m]: Listening on 8081
2024-10-22 09:13:13 [[32minfo[39m]: Listening on 8081
2024-10-22 09:13:19 [[32minfo[39m]: Listening on 8081
2024-10-22 09:13:31 [[32minfo[39m]: Listening on 8081
2024-10-22 09:13:41 [[32minfo[39m]: Listening on 8081
2024-10-22 09:13:44 [[32minfo[39m]: Listening on 8081
2024-10-22 09:13:57 [[32minfo[39m]: Listening on 8081
2024-10-22 09:14:38 [[32minfo[39m]: Listening on 8081
2024-10-22 09:16:17 [[32minfo[39m]: Listening on 8081
2024-10-22 09:45:34 [[32minfo[39m]: Listening on 8081
2024-10-22 09:50:42 [[32minfo[39m]: Listening on 8081
2024-10-22 09:53:35 [[32minfo[39m]: Listening on 8081
2024-10-22 09:56:57 [[32minfo[39m]: Listening on 8081
2024-10-22 09:58:07 [[32minfo[39m]: Listening on 8081
2024-10-22 09:58:09 [[32minfo[39m]: Listening on 8081
2024-10-22 10:02:39 [[32minfo[39m]: Listening on 8081
2024-10-22 10:03:16 [[32minfo[39m]: Listening on 8081
2024-10-22 10:04:19 [[31merror[39m]: Expected property name or '}' in JSON at position 3 (line 3 column 1)
2024-10-22 10:05:15 [[31merror[39m]: Expected property name or '}' in JSON at position 3 (line 3 column 1)
2024-10-22 10:06:21 [[31merror[39m]: Bad control character in string literal in JSON at position 60 (line 4 column 4)
2024-10-22 10:06:33 [[31merror[39m]: Expected ',' or '}' after property value in JSON at position 58 (line 4 column 3)
2024-10-22 10:10:57 [[32minfo[39m]: Listening on 8081
2024-10-22 10:21:30 [[32minfo[39m]: Listening on 8081
2024-10-22 10:25:13 [[32minfo[39m]: Listening on 8081
2024-10-22 10:28:22 [[32minfo[39m]: Listening on 8081
2024-10-22 10:28:48 [[31merror[39m]: Cast to ObjectId failed for value "{aid}" (type string) at path "_id" for model "Adoptions"
2024-10-22 10:32:40 [[32minfo[39m]: Listening on 8081
2024-10-22 10:35:54 [[32minfo[39m]: Listening on 8081
2024-10-22 10:36:28 [[32minfo[39m]: Listening on 8081
2024-10-22 10:36:42 [[31merror[39m]: User id [object Object] not found
2024-10-22 10:48:28 [[32minfo[39m]: Listening on 8081
2024-10-22 10:50:24 [[32minfo[39m]: Listening on 8081
2024-10-22 10:51:28 [[32minfo[39m]: Listening on 8081
2024-10-22 10:53:10 [[32minfo[39m]: Listening on 8081
2024-10-22 10:53:40 [[32minfo[39m]: Listening on 8081
2024-10-22 10:56:07 [[32minfo[39m]: Listening on 8081
2024-10-22 10:58:57 [[32minfo[39m]: Listening on 8081
2024-10-22 10:58:59 [[32minfo[39m]: Listening on 8081
2024-10-22 11:03:20 [[32minfo[39m]: Listening on 8081
2024-10-22 11:06:21 [[32minfo[39m]: Listening on 8081
2024-10-22 11:08:46 [[32minfo[39m]: Listening on 8081
2024-10-22 11:09:40 [[32minfo[39m]: Listening on 8081
