2024-10-16 06:40:05 [[31merror[39m]: Operation `pets.find()` buffering timed out after 10000ms
2024-10-22 10:04:19 [[31merror[39m]: Expected property name or '}' in JSON at position 3 (line 3 column 1)
2024-10-22 10:05:15 [[31merror[39m]: Expected property name or '}' in JSON at position 3 (line 3 column 1)
2024-10-22 10:06:21 [[31merror[39m]: Bad control character in string literal in JSON at position 60 (line 4 column 4)
2024-10-22 10:06:33 [[31merror[39m]: Expected ',' or '}' after property value in JSON at position 58 (line 4 column 3)
2024-10-22 10:28:48 [[31merror[39m]: Cast to ObjectId failed for value "{aid}" (type string) at path "_id" for model "Adoptions"
2024-10-22 10:36:42 [[31merror[39m]: User id [object Object] not found
2024-10-23 08:48:56 [[31merror[39m]: E11000 duplicate key error collection: test.users index: email_1 dup key: { email: "test@test.com" }
2024-10-23 08:49:44 [[31merror[39m]: E11000 duplicate key error collection: test.users index: email_1 dup key: { email: "test@test.com" }
2024-10-23 08:51:58 [[31merror[39m]: Cannot read properties of undefined (reading 'getByEmail')
2024-10-23 09:09:35 [[31merror[39m]: Cannot read properties of undefined (reading 'getByEmail')
2024-10-23 09:15:58 [[31merror[39m]: Cannot read properties of undefined (reading 'getByEmail')
2024-10-23 09:16:25 [[31merror[39m]: Cannot read properties of undefined (reading 'getByEmail')
2024-10-23 09:20:06 [[31merror[39m]: Cannot read properties of undefined (reading 'getByEmail')
2024-10-24 08:14:05 [[31merror[39m]: E11000 duplicate key error collection: test.users index: email_1 dup key: { email: "testUser@test.com" }
2024-10-24 08:18:30 [[31merror[39m]: E11000 duplicate key error collection: test.users index: email_1 dup key: { email: "testUser@test.com" }
2024-10-24 08:26:17 [[31merror[39m]: E11000 duplicate key error collection: test.users index: email_1 dup key: { email: "testUser@test.com" }
2024-10-24 08:27:14 [[31merror[39m]: E11000 duplicate key error collection: test.users index: email_1 dup key: { email: "testUser@test.com" }
2024-10-24 08:28:43 [[31merror[39m]: E11000 duplicate key error collection: test.users index: email_1 dup key: { email: "testUser@test.com" }
2024-10-24 11:16:24 [[31merror[39m]: E11000 duplicate key error collection: test.users index: email_1 dup key: { email: "testUser@test.com" }
2024-10-24 11:17:24 [[31merror[39m]: E11000 duplicate key error collection: test.users index: email_1 dup key: { email: "testUser@test.com" }
2024-10-24 11:21:24 [[31merror[39m]: E11000 duplicate key error collection: test.users index: email_1 dup key: { email: "testUser@test.com" }
2024-10-24 11:21:24 [[31merror[39m]: E11000 duplicate key error collection: test.users index: email_1 dup key: { email: "testUser@test.com" }
2024-10-24 11:21:43 [[31merror[39m]: E11000 duplicate key error collection: test.users index: email_1 dup key: { email: "testUser@test.com" }
2024-10-24 11:42:07 [[31merror[39m]: E11000 duplicate key error collection: test.users index: email_1 dup key: { email: "testUser@test.com" }
2024-10-24 11:42:08 [[31merror[39m]: E11000 duplicate key error collection: test.users index: email_1 dup key: { email: "testUser@test.com" }
2024-10-24 11:45:19 [[31merror[39m]: E11000 duplicate key error collection: test.users index: email_1 dup key: { email: "testUser@test.com" }
2024-10-24 11:47:31 [[31merror[39m]: E11000 duplicate key error collection: test.users index: email_1 dup key: { email: "testUser@test.com" }
2024-10-24 11:47:52 [[31merror[39m]: E11000 duplicate key error collection: test.users index: email_1 dup key: { email: "testUser@test.com" }
2024-10-24 11:50:31 [[31merror[39m]: Users validation failed: password: Path `password` is required., email: Path `email` is required., last_name: Path `last_name` is required., first_name: Path `first_name` is required.
2024-10-24 11:53:26 [[31merror[39m]: Users validation failed: password: Path `password` is required., email: Path `email` is required., last_name: Path `last_name` is required., first_name: Path `first_name` is required.
2024-10-24 11:55:25 [[31merror[39m]: Users validation failed: password: Path `password` is required., email: Path `email` is required., last_name: Path `last_name` is required., first_name: Path `first_name` is required.
2024-10-24 11:55:53 [[31merror[39m]: Users validation failed: password: Path `password` is required., email: Path `email` is required., last_name: Path `last_name` is required., first_name: Path `first_name` is required.
2024-10-24 12:03:08 [[31merror[39m]: E11000 duplicate key error collection: test.users index: email_1 dup key: { email: "testUser@test.com" }
2024-10-24 12:03:42 [[31merror[39m]: E11000 duplicate key error collection: test.users index: email_1 dup key: { email: "testUser@test.com" }
2024-10-24 12:03:42 [[31merror[39m]: E11000 duplicate key error collection: test.users index: email_1 dup key: { email: "testUser@test.com" }
2024-10-24 12:03:58 [[31merror[39m]: E11000 duplicate key error collection: test.users index: email_1 dup key: { email: "testUser@test.com" }
2024-10-24 12:05:24 [[31merror[39m]: E11000 duplicate key error collection: test.users index: email_1 dup key: { email: "testUser@test.com" }
2024-10-24 12:05:25 [[31merror[39m]: E11000 duplicate key error collection: test.users index: email_1 dup key: { email: "testUser@test.com" }
2024-10-24 12:05:41 [[31merror[39m]: E11000 duplicate key error collection: test.users index: email_1 dup key: { email: "testUser@test.com" }
2024-10-24 12:33:58 [[31merror[39m]: E11000 duplicate key error collection: test.users index: email_1 dup key: { email: "UserAdoptionTest@test.com" }
2024-10-24 13:48:41 [[31merror[39m]: E11000 duplicate key error collection: test.users index: email_1 dup key: { email: "UserAdoptionTest@test.com" }
2024-10-24 14:19:41 [[31merror[39m]: E11000 duplicate key error collection: test.users index: email_1 dup key: { email: "UserAdoptionTest@test.com" }
2024-10-24 14:45:21 [[31merror[39m]: E11000 duplicate key error collection: test.users index: email_1 dup key: { email: "UserAdoptionTest@test.com" }
2024-10-25 07:26:33 [[31merror[39m]: E11000 duplicate key error collection: test.users index: email_1 dup key: { email: "UserAdoptionTest@test.com" }
2024-10-25 07:37:56 [[31merror[39m]: E11000 duplicate key error collection: test.users index: email_1 dup key: { email: "UserAdoptionTest@test.com" }
2024-10-25 07:41:47 [[31merror[39m]: E11000 duplicate key error collection: test.users index: email_1 dup key: { email: "UserAdoptionTest@test.com" }
2024-10-25 07:53:02 [[31merror[39m]: E11000 duplicate key error collection: test.users index: email_1 dup key: { email: "UserAdoptionTest@test.com" }
2024-10-25 07:54:54 [[31merror[39m]: E11000 duplicate key error collection: test.users index: email_1 dup key: { email: "UserAdoptionTest@test.com" }
2024-10-25 08:31:28 [[31merror[39m]: E11000 duplicate key error collection: test.users index: email_1 dup key: { email: "UserAdoptionTest@test.com" }
2024-10-25 10:06:54 [[31merror[39m]: E11000 duplicate key error collection: test.users index: email_1 dup key: { email: "UserAdoptionTest@test.com" }
2024-10-25 10:11:11 [[31merror[39m]: E11000 duplicate key error collection: test.users index: email_1 dup key: { email: "UserAdoptionTest@test.com" }
2024-10-25 10:11:58 [[31merror[39m]: E11000 duplicate key error collection: test.users index: email_1 dup key: { email: "UserAdoptionTest@test.com" }
2024-10-25 10:20:25 [[31merror[39m]: E11000 duplicate key error collection: test.users index: email_1 dup key: { email: "UserAdoptionTest@test.com" }
2024-10-25 10:21:46 [[31merror[39m]: E11000 duplicate key error collection: test.users index: email_1 dup key: { email: "UserAdoptionTest@test.com" }
2024-10-25 10:23:51 [[31merror[39m]: E11000 duplicate key error collection: test.users index: email_1 dup key: { email: "UserAdoptionTest@test.com" }
2024-10-25 10:28:22 [[31merror[39m]: E11000 duplicate key error collection: test.users index: email_1 dup key: { email: "UserAdoptionTest@test.com" }
2024-10-25 10:28:22 [[31merror[39m]: this.adoptionsService.delete is not a function
2024-10-25 10:29:21 [[31merror[39m]: E11000 duplicate key error collection: test.users index: email_1 dup key: { email: "UserAdoptionTest@test.com" }
2024-10-25 10:29:21 [[31merror[39m]: this.adoptionsService.delete is not a function
2024-10-25 10:31:06 [[31merror[39m]: E11000 duplicate key error collection: test.users index: email_1 dup key: { email: "UserAdoptionTest@test.com" }
2024-10-25 10:32:33 [[31merror[39m]: E11000 duplicate key error collection: test.users index: email_1 dup key: { email: "UserAdoptionTest@test.com" }
2024-10-25 10:33:21 [[31merror[39m]: E11000 duplicate key error collection: test.users index: email_1 dup key: { email: "UserAdoptionTest@test.com" }
2024-10-25 11:02:11 [[31merror[39m]: E11000 duplicate key error collection: test.users index: email_1 dup key: { email: "UserAdoptionTest@test.com" }
